{"/Users/shammy/Documents/GitHub/TaskHub_Backend/src/app.js": {"path":"/Users/shammy/Documents/GitHub/TaskHub_Backend/src/app.js","statementMap":{"0":{"start":{"line":1,"column":0},"end":{"line":1,"column":27}},"1":{"start":{"line":2,"column":0},"end":{"line":5,"column":3}},"2":{"start":{"line":6,"column":16},"end":{"line":6,"column":34}},"3":{"start":{"line":7,"column":15},"end":{"line":7,"column":32}},"4":{"start":{"line":8,"column":13},"end":{"line":8,"column":28}},"5":{"start":{"line":9,"column":19},"end":{"line":9,"column":49}},"6":{"start":{"line":10,"column":26},"end":{"line":10,"column":64}},"7":{"start":{"line":12,"column":12},"end":{"line":12,"column":21}},"8":{"start":{"line":14,"column":0},"end":{"line":14,"column":24}},"9":{"start":{"line":15,"column":0},"end":{"line":15,"column":23}},"10":{"start":{"line":16,"column":0},"end":{"line":16,"column":16}},"11":{"start":{"line":19,"column":0},"end":{"line":19,"column":34}},"12":{"start":{"line":21,"column":0},"end":{"line":24,"column":3}},"13":{"start":{"line":22,"column":2},"end":{"line":22,"column":27}},"14":{"start":{"line":23,"column":2},"end":{"line":23,"column":72}},"15":{"start":{"line":26,"column":0},"end":{"line":26,"column":21}}},"fnMap":{"0":{"name":"(anonymous_0)","decl":{"start":{"line":21,"column":8},"end":{"line":21,"column":9}},"loc":{"start":{"line":21,"column":33},"end":{"line":24,"column":1}},"line":21}},"branchMap":{},"s":{"0":3,"1":3,"2":3,"3":3,"4":3,"5":3,"6":3,"7":3,"8":3,"9":3,"10":3,"11":3,"12":3,"13":0,"14":0,"15":3},"f":{"0":0},"b":{},"_coverageSchema":"1a1c01bbd47fc00a2c39e90264f33305004495a9","hash":"ab1f2753e9155a0f07806fde566acfd386bfb085"}
,"/Users/shammy/Documents/GitHub/TaskHub_Backend/src/config/config.js": {"path":"/Users/shammy/Documents/GitHub/TaskHub_Backend/src/config/config.js","statementMap":{"0":{"start":{"line":1,"column":0},"end":{"line":1,"column":27}},"1":{"start":{"line":2,"column":22},"end":{"line":2,"column":42}},"2":{"start":{"line":4,"column":18},"end":{"line":12,"column":2}},"3":{"start":{"line":14,"column":0},"end":{"line":17,"column":2}}},"fnMap":{},"branchMap":{"0":{"loc":{"start":{"line":15,"column":17},"end":{"line":15,"column":43}},"type":"binary-expr","locations":[{"start":{"line":15,"column":17},"end":{"line":15,"column":33}},{"start":{"line":15,"column":37},"end":{"line":15,"column":43}}],"line":15}},"s":{"0":4,"1":4,"2":4,"3":4},"f":{},"b":{"0":[4,0]},"_coverageSchema":"1a1c01bbd47fc00a2c39e90264f33305004495a9","hash":"892c3255e23b30fc11fd06c48b11f653766f71c3"}
,"/Users/shammy/Documents/GitHub/TaskHub_Backend/src/config/config.test.js": {"path":"/Users/shammy/Documents/GitHub/TaskHub_Backend/src/config/config.test.js","statementMap":{"0":{"start":{"line":1,"column":22},"end":{"line":1,"column":42}},"1":{"start":{"line":3,"column":18},"end":{"line":17,"column":2}},"2":{"start":{"line":20,"column":0},"end":{"line":30,"column":5}},"3":{"start":{"line":23,"column":4},"end":{"line":23,"column":67}},"4":{"start":{"line":26,"column":4},"end":{"line":29,"column":6}},"5":{"start":{"line":32,"column":0},"end":{"line":35,"column":2}}},"fnMap":{"0":{"name":"(anonymous_0)","decl":{"start":{"line":22,"column":8},"end":{"line":22,"column":9}},"loc":{"start":{"line":22,"column":14},"end":{"line":24,"column":3}},"line":22},"1":{"name":"(anonymous_1)","decl":{"start":{"line":25,"column":9},"end":{"line":25,"column":10}},"loc":{"start":{"line":25,"column":18},"end":{"line":30,"column":3}},"line":25}},"branchMap":{},"s":{"0":1,"1":1,"2":1,"3":1,"4":0,"5":1},"f":{"0":1,"1":0},"b":{},"_coverageSchema":"1a1c01bbd47fc00a2c39e90264f33305004495a9","hash":"07071c60d8b12f7bcb3497a9a5cf1965899d5299"}
,"/Users/shammy/Documents/GitHub/TaskHub_Backend/src/controllers/taskController.js": {"path":"/Users/shammy/Documents/GitHub/TaskHub_Backend/src/controllers/taskController.js","statementMap":{"0":{"start":{"line":9,"column":4},"end":{"line":9,"column":38}},"1":{"start":{"line":10,"column":23},"end":{"line":10,"column":61}},"2":{"start":{"line":13,"column":0},"end":{"line":28,"column":2}},"3":{"start":{"line":14,"column":27},"end":{"line":14,"column":56}},"4":{"start":{"line":16,"column":2},"end":{"line":18,"column":3}},"5":{"start":{"line":17,"column":4},"end":{"line":17,"column":71}},"6":{"start":{"line":20,"column":2},"end":{"line":27,"column":3}},"7":{"start":{"line":21,"column":17},"end":{"line":21,"column":40}},"8":{"start":{"line":22,"column":4},"end":{"line":22,"column":31}},"9":{"start":{"line":24,"column":4},"end":{"line":26,"column":79}},"10":{"start":{"line":31,"column":0},"end":{"line":49,"column":2}},"11":{"start":{"line":32,"column":2},"end":{"line":48,"column":3}},"12":{"start":{"line":39,"column":8},"end":{"line":39,"column":17}},"13":{"start":{"line":40,"column":18},"end":{"line":40,"column":74}},"14":{"start":{"line":41,"column":4},"end":{"line":41,"column":39}},"15":{"start":{"line":43,"column":4},"end":{"line":43,"column":62}},"16":{"start":{"line":44,"column":4},"end":{"line":47,"column":7}},"17":{"start":{"line":52,"column":0},"end":{"line":68,"column":2}},"18":{"start":{"line":53,"column":17},"end":{"line":53,"column":27}},"19":{"start":{"line":55,"column":2},"end":{"line":67,"column":3}},"20":{"start":{"line":56,"column":17},"end":{"line":56,"column":38}},"21":{"start":{"line":57,"column":4},"end":{"line":61,"column":5}},"22":{"start":{"line":58,"column":6},"end":{"line":58,"column":21}},"23":{"start":{"line":60,"column":6},"end":{"line":60,"column":61}},"24":{"start":{"line":63,"column":4},"end":{"line":66,"column":7}},"25":{"start":{"line":71,"column":0},"end":{"line":92,"column":2}},"26":{"start":{"line":72,"column":17},"end":{"line":72,"column":27}},"27":{"start":{"line":73,"column":27},"end":{"line":73,"column":56}},"28":{"start":{"line":75,"column":2},"end":{"line":77,"column":3}},"29":{"start":{"line":76,"column":4},"end":{"line":76,"column":71}},"30":{"start":{"line":79,"column":2},"end":{"line":91,"column":3}},"31":{"start":{"line":80,"column":17},"end":{"line":80,"column":44}},"32":{"start":{"line":81,"column":4},"end":{"line":85,"column":5}},"33":{"start":{"line":82,"column":6},"end":{"line":82,"column":21}},"34":{"start":{"line":84,"column":6},"end":{"line":84,"column":61}},"35":{"start":{"line":87,"column":4},"end":{"line":90,"column":7}},"36":{"start":{"line":95,"column":0},"end":{"line":111,"column":2}},"37":{"start":{"line":96,"column":17},"end":{"line":96,"column":27}},"38":{"start":{"line":98,"column":2},"end":{"line":110,"column":3}},"39":{"start":{"line":99,"column":20},"end":{"line":99,"column":40}},"40":{"start":{"line":100,"column":4},"end":{"line":104,"column":5}},"41":{"start":{"line":101,"column":6},"end":{"line":101,"column":59}},"42":{"start":{"line":103,"column":6},"end":{"line":103,"column":61}},"43":{"start":{"line":106,"column":4},"end":{"line":109,"column":7}}},"fnMap":{"0":{"name":"(anonymous_0)","decl":{"start":{"line":13,"column":21},"end":{"line":13,"column":22}},"loc":{"start":{"line":13,"column":41},"end":{"line":28,"column":1}},"line":13},"1":{"name":"(anonymous_1)","decl":{"start":{"line":31,"column":22},"end":{"line":31,"column":23}},"loc":{"start":{"line":31,"column":42},"end":{"line":49,"column":1}},"line":31},"2":{"name":"(anonymous_2)","decl":{"start":{"line":52,"column":22},"end":{"line":52,"column":23}},"loc":{"start":{"line":52,"column":42},"end":{"line":68,"column":1}},"line":52},"3":{"name":"(anonymous_3)","decl":{"start":{"line":71,"column":21},"end":{"line":71,"column":22}},"loc":{"start":{"line":71,"column":41},"end":{"line":92,"column":1}},"line":71},"4":{"name":"(anonymous_4)","decl":{"start":{"line":95,"column":21},"end":{"line":95,"column":22}},"loc":{"start":{"line":95,"column":41},"end":{"line":111,"column":1}},"line":95}},"branchMap":{"0":{"loc":{"start":{"line":16,"column":2},"end":{"line":18,"column":3}},"type":"if","locations":[{"start":{"line":16,"column":2},"end":{"line":18,"column":3}},{"start":{},"end":{}}],"line":16},"1":{"loc":{"start":{"line":35,"column":6},"end":{"line":35,"column":24}},"type":"default-arg","locations":[{"start":{"line":35,"column":13},"end":{"line":35,"column":24}}],"line":35},"2":{"loc":{"start":{"line":36,"column":6},"end":{"line":36,"column":20}},"type":"default-arg","locations":[{"start":{"line":36,"column":14},"end":{"line":36,"column":20}}],"line":36},"3":{"loc":{"start":{"line":37,"column":6},"end":{"line":37,"column":16}},"type":"default-arg","locations":[{"start":{"line":37,"column":15},"end":{"line":37,"column":16}}],"line":37},"4":{"loc":{"start":{"line":38,"column":6},"end":{"line":38,"column":16}},"type":"default-arg","locations":[{"start":{"line":38,"column":14},"end":{"line":38,"column":16}}],"line":38},"5":{"loc":{"start":{"line":57,"column":4},"end":{"line":61,"column":5}},"type":"if","locations":[{"start":{"line":57,"column":4},"end":{"line":61,"column":5}},{"start":{"line":59,"column":11},"end":{"line":61,"column":5}}],"line":57},"6":{"loc":{"start":{"line":75,"column":2},"end":{"line":77,"column":3}},"type":"if","locations":[{"start":{"line":75,"column":2},"end":{"line":77,"column":3}},{"start":{},"end":{}}],"line":75},"7":{"loc":{"start":{"line":81,"column":4},"end":{"line":85,"column":5}},"type":"if","locations":[{"start":{"line":81,"column":4},"end":{"line":85,"column":5}},{"start":{"line":83,"column":11},"end":{"line":85,"column":5}}],"line":81},"8":{"loc":{"start":{"line":100,"column":4},"end":{"line":104,"column":5}},"type":"if","locations":[{"start":{"line":100,"column":4},"end":{"line":104,"column":5}},{"start":{"line":102,"column":11},"end":{"line":104,"column":5}}],"line":100}},"s":{"0":3,"1":3,"2":3,"3":3,"4":3,"5":2,"6":1,"7":1,"8":1,"9":0,"10":3,"11":3,"12":3,"13":3,"14":3,"15":0,"16":0,"17":3,"18":2,"19":2,"20":2,"21":2,"22":1,"23":1,"24":0,"25":3,"26":1,"27":1,"28":1,"29":0,"30":1,"31":1,"32":1,"33":1,"34":0,"35":0,"36":3,"37":1,"38":1,"39":1,"40":1,"41":1,"42":0,"43":0},"f":{"0":3,"1":3,"2":2,"3":1,"4":1},"b":{"0":[2,1],"1":[3],"2":[3],"3":[2],"4":[2],"5":[1,1],"6":[0,1],"7":[1,0],"8":[1,0]},"_coverageSchema":"1a1c01bbd47fc00a2c39e90264f33305004495a9","hash":"9cb0ccd11f1e2b0759c26a041c9987c05f7b4b6c"}
,"/Users/shammy/Documents/GitHub/TaskHub_Backend/src/middleware/authMiddleware.js": {"path":"/Users/shammy/Documents/GitHub/TaskHub_Backend/src/middleware/authMiddleware.js","statementMap":{"0":{"start":{"line":1,"column":12},"end":{"line":1,"column":35}},"1":{"start":{"line":3,"column":26},"end":{"line":12,"column":1}},"2":{"start":{"line":4,"column":16},"end":{"line":4,"column":59}},"3":{"start":{"line":5,"column":2},"end":{"line":5,"column":41}},"4":{"start":{"line":5,"column":14},"end":{"line":5,"column":41}},"5":{"start":{"line":7,"column":2},"end":{"line":11,"column":5}},"6":{"start":{"line":8,"column":4},"end":{"line":8,"column":40}},"7":{"start":{"line":8,"column":13},"end":{"line":8,"column":40}},"8":{"start":{"line":9,"column":4},"end":{"line":9,"column":20}},"9":{"start":{"line":10,"column":4},"end":{"line":10,"column":11}},"10":{"start":{"line":14,"column":0},"end":{"line":14,"column":35}}},"fnMap":{"0":{"name":"(anonymous_0)","decl":{"start":{"line":3,"column":26},"end":{"line":3,"column":27}},"loc":{"start":{"line":3,"column":46},"end":{"line":12,"column":1}},"line":3},"1":{"name":"(anonymous_1)","decl":{"start":{"line":7,"column":44},"end":{"line":7,"column":45}},"loc":{"start":{"line":7,"column":59},"end":{"line":11,"column":3}},"line":7}},"branchMap":{"0":{"loc":{"start":{"line":5,"column":2},"end":{"line":5,"column":41}},"type":"if","locations":[{"start":{"line":5,"column":2},"end":{"line":5,"column":41}},{"start":{},"end":{}}],"line":5},"1":{"loc":{"start":{"line":8,"column":4},"end":{"line":8,"column":40}},"type":"if","locations":[{"start":{"line":8,"column":4},"end":{"line":8,"column":40}},{"start":{},"end":{}}],"line":8}},"s":{"0":3,"1":3,"2":12,"3":12,"4":1,"5":11,"6":11,"7":1,"8":10,"9":10,"10":3},"f":{"0":12,"1":11},"b":{"0":[1,11],"1":[1,10]},"_coverageSchema":"1a1c01bbd47fc00a2c39e90264f33305004495a9","hash":"df859e9a0b1673efefa71118ffccda0e3857d2e3"}
,"/Users/shammy/Documents/GitHub/TaskHub_Backend/src/models/Task.js": {"path":"/Users/shammy/Documents/GitHub/TaskHub_Backend/src/models/Task.js","statementMap":{"0":{"start":{"line":1,"column":29},"end":{"line":1,"column":49}},"1":{"start":{"line":2,"column":18},"end":{"line":2,"column":55}},"2":{"start":{"line":6,"column":0},"end":{"line":26,"column":2}},"3":{"start":{"line":28,"column":0},"end":{"line":28,"column":22}}},"fnMap":{},"branchMap":{},"s":{"0":3,"1":3,"2":3,"3":3},"f":{},"b":{},"_coverageSchema":"1a1c01bbd47fc00a2c39e90264f33305004495a9","hash":"7bd9ec16f6d2dbe497edc493b08bf27e59ac85d3"}
,"/Users/shammy/Documents/GitHub/TaskHub_Backend/src/routes/taskRoutes.js": {"path":"/Users/shammy/Documents/GitHub/TaskHub_Backend/src/routes/taskRoutes.js","statementMap":{"0":{"start":{"line":3,"column":16},"end":{"line":3,"column":34}},"1":{"start":{"line":4,"column":15},"end":{"line":4,"column":31}},"2":{"start":{"line":5,"column":23},"end":{"line":5,"column":63}},"3":{"start":{"line":6,"column":26},"end":{"line":6,"column":65}},"4":{"start":{"line":9,"column":0},"end":{"line":9,"column":63}},"5":{"start":{"line":12,"column":0},"end":{"line":12,"column":63}},"6":{"start":{"line":15,"column":0},"end":{"line":15,"column":66}},"7":{"start":{"line":18,"column":0},"end":{"line":18,"column":65}},"8":{"start":{"line":21,"column":0},"end":{"line":21,"column":68}},"9":{"start":{"line":23,"column":0},"end":{"line":23,"column":24}}},"fnMap":{},"branchMap":{},"s":{"0":3,"1":3,"2":3,"3":3,"4":3,"5":3,"6":3,"7":3,"8":3,"9":3},"f":{},"b":{},"_coverageSchema":"1a1c01bbd47fc00a2c39e90264f33305004495a9","hash":"0853c5152dead46d5bc8f6a696d62315b4137f94"}
,"/Users/shammy/Documents/GitHub/TaskHub_Backend/src/services/taskService.js": {"path":"/Users/shammy/Documents/GitHub/TaskHub_Backend/src/services/taskService.js","statementMap":{"0":{"start":{"line":2,"column":13},"end":{"line":2,"column":38}},"1":{"start":{"line":3,"column":26},"end":{"line":3,"column":46}},"2":{"start":{"line":5,"column":0},"end":{"line":7,"column":2}},"3":{"start":{"line":6,"column":2},"end":{"line":6,"column":37}},"4":{"start":{"line":9,"column":0},"end":{"line":33,"column":2}},"5":{"start":{"line":16,"column":2},"end":{"line":32,"column":3}},"6":{"start":{"line":17,"column":18},"end":{"line":17,"column":20}},"7":{"start":{"line":18,"column":4},"end":{"line":20,"column":5}},"8":{"start":{"line":19,"column":6},"end":{"line":19,"column":45}},"9":{"start":{"line":22,"column":18},"end":{"line":27,"column":6}},"10":{"start":{"line":28,"column":4},"end":{"line":28,"column":17}},"11":{"start":{"line":30,"column":4},"end":{"line":30,"column":53}},"12":{"start":{"line":31,"column":4},"end":{"line":31,"column":16}},"13":{"start":{"line":35,"column":0},"end":{"line":37,"column":2}},"14":{"start":{"line":36,"column":2},"end":{"line":36,"column":33}},"15":{"start":{"line":39,"column":0},"end":{"line":45,"column":2}},"16":{"start":{"line":40,"column":15},"end":{"line":40,"column":38}},"17":{"start":{"line":41,"column":2},"end":{"line":43,"column":3}},"18":{"start":{"line":42,"column":4},"end":{"line":42,"column":32}},"19":{"start":{"line":44,"column":2},"end":{"line":44,"column":14}},"20":{"start":{"line":47,"column":0},"end":{"line":54,"column":2}},"21":{"start":{"line":48,"column":15},"end":{"line":48,"column":38}},"22":{"start":{"line":49,"column":2},"end":{"line":52,"column":3}},"23":{"start":{"line":50,"column":4},"end":{"line":50,"column":25}},"24":{"start":{"line":51,"column":4},"end":{"line":51,"column":16}},"25":{"start":{"line":53,"column":2},"end":{"line":53,"column":15}}},"fnMap":{"0":{"name":"(anonymous_0)","decl":{"start":{"line":5,"column":21},"end":{"line":5,"column":22}},"loc":{"start":{"line":5,"column":41},"end":{"line":7,"column":1}},"line":5},"1":{"name":"(anonymous_1)","decl":{"start":{"line":9,"column":22},"end":{"line":9,"column":23}},"loc":{"start":{"line":15,"column":5},"end":{"line":33,"column":1}},"line":15},"2":{"name":"(anonymous_2)","decl":{"start":{"line":35,"column":22},"end":{"line":35,"column":23}},"loc":{"start":{"line":35,"column":36},"end":{"line":37,"column":1}},"line":35},"3":{"name":"(anonymous_3)","decl":{"start":{"line":39,"column":21},"end":{"line":39,"column":22}},"loc":{"start":{"line":39,"column":45},"end":{"line":45,"column":1}},"line":39},"4":{"name":"(anonymous_4)","decl":{"start":{"line":47,"column":21},"end":{"line":47,"column":22}},"loc":{"start":{"line":47,"column":35},"end":{"line":54,"column":1}},"line":47}},"branchMap":{"0":{"loc":{"start":{"line":11,"column":2},"end":{"line":11,"column":20}},"type":"default-arg","locations":[{"start":{"line":11,"column":9},"end":{"line":11,"column":20}}],"line":11},"1":{"loc":{"start":{"line":12,"column":2},"end":{"line":12,"column":16}},"type":"default-arg","locations":[{"start":{"line":12,"column":10},"end":{"line":12,"column":16}}],"line":12},"2":{"loc":{"start":{"line":13,"column":2},"end":{"line":13,"column":12}},"type":"default-arg","locations":[{"start":{"line":13,"column":11},"end":{"line":13,"column":12}}],"line":13},"3":{"loc":{"start":{"line":14,"column":2},"end":{"line":14,"column":12}},"type":"default-arg","locations":[{"start":{"line":14,"column":10},"end":{"line":14,"column":12}}],"line":14},"4":{"loc":{"start":{"line":18,"column":4},"end":{"line":20,"column":5}},"type":"if","locations":[{"start":{"line":18,"column":4},"end":{"line":20,"column":5}},{"start":{},"end":{}}],"line":18},"5":{"loc":{"start":{"line":41,"column":2},"end":{"line":43,"column":3}},"type":"if","locations":[{"start":{"line":41,"column":2},"end":{"line":43,"column":3}},{"start":{},"end":{}}],"line":41},"6":{"loc":{"start":{"line":49,"column":2},"end":{"line":52,"column":3}},"type":"if","locations":[{"start":{"line":49,"column":2},"end":{"line":52,"column":3}},{"start":{},"end":{}}],"line":49}},"s":{"0":4,"1":4,"2":4,"3":2,"4":4,"5":4,"6":4,"7":4,"8":1,"9":4,"10":4,"11":0,"12":0,"13":4,"14":2,"15":4,"16":1,"17":1,"18":1,"19":1,"20":4,"21":1,"22":1,"23":1,"24":1,"25":0},"f":{"0":2,"1":4,"2":2,"3":1,"4":1},"b":{"0":[0],"1":[0],"2":[0],"3":[0],"4":[1,3],"5":[1,0],"6":[1,0]},"_coverageSchema":"1a1c01bbd47fc00a2c39e90264f33305004495a9","hash":"3a296fb1b997296511ca33e4d15f8252426943eb"}
,"/Users/shammy/Documents/GitHub/TaskHub_Backend/src/validators/taskValidator.js": {"path":"/Users/shammy/Documents/GitHub/TaskHub_Backend/src/validators/taskValidator.js","statementMap":{"0":{"start":{"line":1,"column":12},"end":{"line":1,"column":26}},"1":{"start":{"line":4,"column":19},"end":{"line":17,"column":2}},"2":{"start":{"line":19,"column":0},"end":{"line":19,"column":32}}},"fnMap":{},"branchMap":{},"s":{"0":3,"1":3,"2":3},"f":{},"b":{},"_coverageSchema":"1a1c01bbd47fc00a2c39e90264f33305004495a9","hash":"93437ed034841f45ac406a7d52848db34df73e01"}
}
