{"/Users/shammy/Documents/GitHub/TaskHub_Backend/src/config/config.js": {"path":"/Users/shammy/Documents/GitHub/TaskHub_Backend/src/config/config.js","statementMap":{"0":{"start":{"line":1,"column":0},"end":{"line":1,"column":27}},"1":{"start":{"line":2,"column":22},"end":{"line":2,"column":42}},"2":{"start":{"line":5,"column":17},"end":{"line":19,"column":1}},"3":{"start":{"line":21,"column":18},"end":{"line":32,"column":1}},"4":{"start":{"line":34,"column":0},"end":{"line":38,"column":2}}},"fnMap":{},"branchMap":{"0":{"loc":{"start":{"line":6,"column":12},"end":{"line":6,"column":52}},"type":"binary-expr","locations":[{"start":{"line":6,"column":12},"end":{"line":6,"column":39}},{"start":{"line":6,"column":43},"end":{"line":6,"column":52}}],"line":6},"1":{"loc":{"start":{"line":7,"column":12},"end":{"line":7,"column":53}},"type":"binary-expr","locations":[{"start":{"line":7,"column":12},"end":{"line":7,"column":39}},{"start":{"line":7,"column":43},"end":{"line":7,"column":53}}],"line":7},"2":{"loc":{"start":{"line":8,"column":12},"end":{"line":8,"column":57}},"type":"binary-expr","locations":[{"start":{"line":8,"column":12},"end":{"line":8,"column":43}},{"start":{"line":8,"column":47},"end":{"line":8,"column":57}}],"line":8},"3":{"loc":{"start":{"line":9,"column":8},"end":{"line":9,"column":50}},"type":"binary-expr","locations":[{"start":{"line":9,"column":8},"end":{"line":9,"column":35}},{"start":{"line":9,"column":39},"end":{"line":9,"column":50}}],"line":9},"4":{"loc":{"start":{"line":10,"column":17},"end":{"line":10,"column":46}},"type":"binary-expr","locations":[{"start":{"line":10,"column":17},"end":{"line":10,"column":36}},{"start":{"line":10,"column":40},"end":{"line":10,"column":46}}],"line":10},"5":{"loc":{"start":{"line":35,"column":17},"end":{"line":35,"column":43}},"type":"binary-expr","locations":[{"start":{"line":35,"column":17},"end":{"line":35,"column":33}},{"start":{"line":35,"column":37},"end":{"line":35,"column":43}}],"line":35}},"s":{"0":7,"1":7,"2":7,"3":7,"4":7},"f":{},"b":{"0":[7,0],"1":[7,0],"2":[7,0],"3":[7,0],"4":[7,0],"5":[7,0]},"inputSourceMap":null,"_coverageSchema":"1a1c01bbd47fc00a2c39e90264f33305004495a9","hash":"bc27b531863db27cafc54f0c0ab1d3ba593b04aa"}
,"/Users/shammy/Documents/GitHub/TaskHub_Backend/src/config/database.js": {"path":"/Users/shammy/Documents/GitHub/TaskHub_Backend/src/config/database.js","statementMap":{"0":{"start":{"line":1,"column":0},"end":{"line":1,"column":27}},"1":{"start":{"line":3,"column":0},"end":{"line":25,"column":2}}},"fnMap":{},"branchMap":{},"s":{"0":1,"1":1},"f":{},"b":{},"inputSourceMap":null,"_coverageSchema":"1a1c01bbd47fc00a2c39e90264f33305004495a9","hash":"409e93e1adfebdd100197de159fd1d627c108b40"}
,"/Users/shammy/Documents/GitHub/TaskHub_Backend/src/controllers/taskController.js": {"path":"/Users/shammy/Documents/GitHub/TaskHub_Backend/src/controllers/taskController.js","statementMap":{"0":{"start":{"line":10,"column":4},"end":{"line":10,"column":38}},"1":{"start":{"line":12,"column":23},"end":{"line":12,"column":61}},"2":{"start":{"line":18,"column":0},"end":{"line":39,"column":2}},"3":{"start":{"line":19,"column":2},"end":{"line":38,"column":3}},"4":{"start":{"line":20,"column":19},"end":{"line":20,"column":30}},"5":{"start":{"line":21,"column":29},"end":{"line":21,"column":58}},"6":{"start":{"line":23,"column":4},"end":{"line":28,"column":5}},"7":{"start":{"line":24,"column":6},"end":{"line":27,"column":9}},"8":{"start":{"line":30,"column":17},"end":{"line":30,"column":48}},"9":{"start":{"line":31,"column":4},"end":{"line":31,"column":38}},"10":{"start":{"line":33,"column":4},"end":{"line":33,"column":50}},"11":{"start":{"line":34,"column":4},"end":{"line":37,"column":7}},"12":{"start":{"line":42,"column":0},"end":{"line":71,"column":2}},"13":{"start":{"line":43,"column":2},"end":{"line":70,"column":3}},"14":{"start":{"line":50,"column":8},"end":{"line":50,"column":17}},"15":{"start":{"line":53,"column":19},"end":{"line":53,"column":30}},"16":{"start":{"line":55,"column":18},"end":{"line":62,"column":5}},"17":{"start":{"line":63,"column":4},"end":{"line":63,"column":45}},"18":{"start":{"line":65,"column":4},"end":{"line":65,"column":51}},"19":{"start":{"line":66,"column":4},"end":{"line":69,"column":7}},"20":{"start":{"line":74,"column":0},"end":{"line":91,"column":2}},"21":{"start":{"line":75,"column":2},"end":{"line":90,"column":3}},"22":{"start":{"line":76,"column":19},"end":{"line":76,"column":29}},"23":{"start":{"line":77,"column":19},"end":{"line":77,"column":30}},"24":{"start":{"line":79,"column":17},"end":{"line":79,"column":46}},"25":{"start":{"line":80,"column":4},"end":{"line":82,"column":5}},"26":{"start":{"line":81,"column":6},"end":{"line":81,"column":68}},"27":{"start":{"line":83,"column":4},"end":{"line":83,"column":38}},"28":{"start":{"line":85,"column":4},"end":{"line":85,"column":51}},"29":{"start":{"line":86,"column":4},"end":{"line":89,"column":7}},"30":{"start":{"line":94,"column":0},"end":{"line":121,"column":2}},"31":{"start":{"line":95,"column":2},"end":{"line":120,"column":3}},"32":{"start":{"line":96,"column":19},"end":{"line":96,"column":29}},"33":{"start":{"line":97,"column":29},"end":{"line":97,"column":58}},"34":{"start":{"line":99,"column":4},"end":{"line":104,"column":5}},"35":{"start":{"line":100,"column":6},"end":{"line":103,"column":9}},"36":{"start":{"line":106,"column":17},"end":{"line":106,"column":44}},"37":{"start":{"line":108,"column":4},"end":{"line":110,"column":5}},"38":{"start":{"line":109,"column":6},"end":{"line":109,"column":68}},"39":{"start":{"line":112,"column":4},"end":{"line":112,"column":44}},"40":{"start":{"line":113,"column":4},"end":{"line":113,"column":38}},"41":{"start":{"line":115,"column":4},"end":{"line":115,"column":50}},"42":{"start":{"line":116,"column":4},"end":{"line":119,"column":7}},"43":{"start":{"line":124,"column":0},"end":{"line":143,"column":2}},"44":{"start":{"line":125,"column":2},"end":{"line":142,"column":3}},"45":{"start":{"line":126,"column":19},"end":{"line":126,"column":29}},"46":{"start":{"line":127,"column":23},"end":{"line":127,"column":31}},"47":{"start":{"line":128,"column":19},"end":{"line":128,"column":30}},"48":{"start":{"line":131,"column":17},"end":{"line":131,"column":46}},"49":{"start":{"line":132,"column":4},"end":{"line":134,"column":5}},"50":{"start":{"line":133,"column":6},"end":{"line":133,"column":68}},"51":{"start":{"line":137,"column":24},"end":{"line":137,"column":64}},"52":{"start":{"line":138,"column":4},"end":{"line":138,"column":45}},"53":{"start":{"line":140,"column":4},"end":{"line":140,"column":58}},"54":{"start":{"line":141,"column":4},"end":{"line":141,"column":60}},"55":{"start":{"line":146,"column":0},"end":{"line":164,"column":2}},"56":{"start":{"line":147,"column":2},"end":{"line":163,"column":3}},"57":{"start":{"line":148,"column":19},"end":{"line":148,"column":29}},"58":{"start":{"line":149,"column":19},"end":{"line":149,"column":30}},"59":{"start":{"line":151,"column":20},"end":{"line":151,"column":48}},"60":{"start":{"line":152,"column":4},"end":{"line":154,"column":5}},"61":{"start":{"line":153,"column":6},"end":{"line":153,"column":68}},"62":{"start":{"line":156,"column":4},"end":{"line":156,"column":76}},"63":{"start":{"line":158,"column":4},"end":{"line":158,"column":50}},"64":{"start":{"line":159,"column":4},"end":{"line":162,"column":7}}},"fnMap":{"0":{"name":"(anonymous_0)","decl":{"start":{"line":18,"column":21},"end":{"line":18,"column":22}},"loc":{"start":{"line":18,"column":41},"end":{"line":39,"column":1}},"line":18},"1":{"name":"(anonymous_1)","decl":{"start":{"line":42,"column":22},"end":{"line":42,"column":23}},"loc":{"start":{"line":42,"column":42},"end":{"line":71,"column":1}},"line":42},"2":{"name":"(anonymous_2)","decl":{"start":{"line":74,"column":22},"end":{"line":74,"column":23}},"loc":{"start":{"line":74,"column":42},"end":{"line":91,"column":1}},"line":74},"3":{"name":"(anonymous_3)","decl":{"start":{"line":94,"column":21},"end":{"line":94,"column":22}},"loc":{"start":{"line":94,"column":41},"end":{"line":121,"column":1}},"line":94},"4":{"name":"(anonymous_4)","decl":{"start":{"line":124,"column":27},"end":{"line":124,"column":28}},"loc":{"start":{"line":124,"column":47},"end":{"line":143,"column":1}},"line":124},"5":{"name":"(anonymous_5)","decl":{"start":{"line":146,"column":21},"end":{"line":146,"column":22}},"loc":{"start":{"line":146,"column":41},"end":{"line":164,"column":1}},"line":146}},"branchMap":{"0":{"loc":{"start":{"line":23,"column":4},"end":{"line":28,"column":5}},"type":"if","locations":[{"start":{"line":23,"column":4},"end":{"line":28,"column":5}},{"start":{},"end":{}}],"line":23},"1":{"loc":{"start":{"line":46,"column":6},"end":{"line":46,"column":24}},"type":"default-arg","locations":[{"start":{"line":46,"column":13},"end":{"line":46,"column":24}}],"line":46},"2":{"loc":{"start":{"line":47,"column":6},"end":{"line":47,"column":20}},"type":"default-arg","locations":[{"start":{"line":47,"column":14},"end":{"line":47,"column":20}}],"line":47},"3":{"loc":{"start":{"line":48,"column":6},"end":{"line":48,"column":16}},"type":"default-arg","locations":[{"start":{"line":48,"column":15},"end":{"line":48,"column":16}}],"line":48},"4":{"loc":{"start":{"line":49,"column":6},"end":{"line":49,"column":16}},"type":"default-arg","locations":[{"start":{"line":49,"column":14},"end":{"line":49,"column":16}}],"line":49},"5":{"loc":{"start":{"line":63,"column":32},"end":{"line":63,"column":43}},"type":"binary-expr","locations":[{"start":{"line":63,"column":32},"end":{"line":63,"column":37}},{"start":{"line":63,"column":41},"end":{"line":63,"column":43}}],"line":63},"6":{"loc":{"start":{"line":80,"column":4},"end":{"line":82,"column":5}},"type":"if","locations":[{"start":{"line":80,"column":4},"end":{"line":82,"column":5}},{"start":{},"end":{}}],"line":80},"7":{"loc":{"start":{"line":99,"column":4},"end":{"line":104,"column":5}},"type":"if","locations":[{"start":{"line":99,"column":4},"end":{"line":104,"column":5}},{"start":{},"end":{}}],"line":99},"8":{"loc":{"start":{"line":108,"column":4},"end":{"line":110,"column":5}},"type":"if","locations":[{"start":{"line":108,"column":4},"end":{"line":110,"column":5}},{"start":{},"end":{}}],"line":108},"9":{"loc":{"start":{"line":132,"column":4},"end":{"line":134,"column":5}},"type":"if","locations":[{"start":{"line":132,"column":4},"end":{"line":134,"column":5}},{"start":{},"end":{}}],"line":132},"10":{"loc":{"start":{"line":152,"column":4},"end":{"line":154,"column":5}},"type":"if","locations":[{"start":{"line":152,"column":4},"end":{"line":154,"column":5}},{"start":{},"end":{}}],"line":152}},"s":{"0":1,"1":1,"2":1,"3":3,"4":3,"5":3,"6":3,"7":1,"8":2,"9":1,"10":1,"11":1,"12":1,"13":2,"14":2,"15":2,"16":2,"17":1,"18":1,"19":1,"20":1,"21":1,"22":1,"23":1,"24":1,"25":0,"26":0,"27":0,"28":1,"29":1,"30":1,"31":1,"32":1,"33":1,"34":1,"35":0,"36":1,"37":1,"38":0,"39":1,"40":1,"41":0,"42":0,"43":1,"44":3,"45":3,"46":3,"47":3,"48":3,"49":2,"50":1,"51":1,"52":1,"53":1,"54":1,"55":1,"56":0,"57":0,"58":0,"59":0,"60":0,"61":0,"62":0,"63":0,"64":0},"f":{"0":3,"1":2,"2":1,"3":1,"4":3,"5":0},"b":{"0":[1,2],"1":[2],"2":[2],"3":[2],"4":[0],"5":[1,0],"6":[0,0],"7":[0,1],"8":[0,1],"9":[1,1],"10":[0,0]},"inputSourceMap":null,"_coverageSchema":"1a1c01bbd47fc00a2c39e90264f33305004495a9","hash":"a0deccd3509ad811de4e63644d13127884b7092d"}
,"/Users/shammy/Documents/GitHub/TaskHub_Backend/src/middleware/authMiddleware.js": {"path":"/Users/shammy/Documents/GitHub/TaskHub_Backend/src/middleware/authMiddleware.js","statementMap":{"0":{"start":{"line":1,"column":12},"end":{"line":1,"column":35}},"1":{"start":{"line":3,"column":26},"end":{"line":47,"column":1}},"2":{"start":{"line":4,"column":2},"end":{"line":46,"column":3}},"3":{"start":{"line":5,"column":23},"end":{"line":5,"column":51}},"4":{"start":{"line":7,"column":4},"end":{"line":12,"column":5}},"5":{"start":{"line":8,"column":6},"end":{"line":11,"column":9}},"6":{"start":{"line":14,"column":4},"end":{"line":19,"column":5}},"7":{"start":{"line":15,"column":6},"end":{"line":18,"column":9}},"8":{"start":{"line":21,"column":18},"end":{"line":21,"column":42}},"9":{"start":{"line":23,"column":4},"end":{"line":28,"column":5}},"10":{"start":{"line":24,"column":6},"end":{"line":27,"column":9}},"11":{"start":{"line":30,"column":4},"end":{"line":39,"column":7}},"12":{"start":{"line":31,"column":6},"end":{"line":36,"column":7}},"13":{"start":{"line":32,"column":8},"end":{"line":35,"column":11}},"14":{"start":{"line":37,"column":6},"end":{"line":37,"column":22}},"15":{"start":{"line":38,"column":6},"end":{"line":38,"column":13}},"16":{"start":{"line":41,"column":4},"end":{"line":41,"column":50}},"17":{"start":{"line":42,"column":4},"end":{"line":45,"column":7}},"18":{"start":{"line":49,"column":0},"end":{"line":49,"column":35}}},"fnMap":{"0":{"name":"(anonymous_0)","decl":{"start":{"line":3,"column":26},"end":{"line":3,"column":27}},"loc":{"start":{"line":3,"column":46},"end":{"line":47,"column":1}},"line":3},"1":{"name":"(anonymous_1)","decl":{"start":{"line":30,"column":46},"end":{"line":30,"column":47}},"loc":{"start":{"line":30,"column":61},"end":{"line":39,"column":5}},"line":30}},"branchMap":{"0":{"loc":{"start":{"line":7,"column":4},"end":{"line":12,"column":5}},"type":"if","locations":[{"start":{"line":7,"column":4},"end":{"line":12,"column":5}},{"start":{},"end":{}}],"line":7},"1":{"loc":{"start":{"line":7,"column":8},"end":{"line":7,"column":51}},"type":"binary-expr","locations":[{"start":{"line":7,"column":8},"end":{"line":7,"column":19}},{"start":{"line":7,"column":23},"end":{"line":7,"column":51}}],"line":7},"2":{"loc":{"start":{"line":14,"column":4},"end":{"line":19,"column":5}},"type":"if","locations":[{"start":{"line":14,"column":4},"end":{"line":19,"column":5}},{"start":{},"end":{}}],"line":14},"3":{"loc":{"start":{"line":23,"column":4},"end":{"line":28,"column":5}},"type":"if","locations":[{"start":{"line":23,"column":4},"end":{"line":28,"column":5}},{"start":{},"end":{}}],"line":23},"4":{"loc":{"start":{"line":31,"column":6},"end":{"line":36,"column":7}},"type":"if","locations":[{"start":{"line":31,"column":6},"end":{"line":36,"column":7}},{"start":{},"end":{}}],"line":31}},"s":{"0":2,"1":2,"2":14,"3":14,"4":14,"5":2,"6":12,"7":1,"8":11,"9":11,"10":0,"11":11,"12":11,"13":2,"14":9,"15":9,"16":0,"17":0,"18":2},"f":{"0":14,"1":11},"b":{"0":[2,12],"1":[14,12],"2":[1,11],"3":[0,11],"4":[2,9]},"inputSourceMap":null,"_coverageSchema":"1a1c01bbd47fc00a2c39e90264f33305004495a9","hash":"740f82c9003bdd710886f992ced4282c9c1af81e"}
,"/Users/shammy/Documents/GitHub/TaskHub_Backend/src/models/Status.js": {"path":"/Users/shammy/Documents/GitHub/TaskHub_Backend/src/models/Status.js","statementMap":{"0":{"start":{"line":3,"column":0},"end":{"line":28,"column":2}},"1":{"start":{"line":4,"column":17},"end":{"line":21,"column":3}},"2":{"start":{"line":23,"column":2},"end":{"line":25,"column":4}},"3":{"start":{"line":24,"column":4},"end":{"line":24,"column":60}},"4":{"start":{"line":27,"column":2},"end":{"line":27,"column":16}}},"fnMap":{"0":{"name":"(anonymous_0)","decl":{"start":{"line":3,"column":17},"end":{"line":3,"column":18}},"loc":{"start":{"line":3,"column":43},"end":{"line":28,"column":1}},"line":3},"1":{"name":"(anonymous_1)","decl":{"start":{"line":23,"column":21},"end":{"line":23,"column":22}},"loc":{"start":{"line":23,"column":33},"end":{"line":25,"column":3}},"line":23}},"branchMap":{},"s":{"0":1,"1":1,"2":1,"3":1,"4":1},"f":{"0":1,"1":1},"b":{},"inputSourceMap":null,"_coverageSchema":"1a1c01bbd47fc00a2c39e90264f33305004495a9","hash":"31c211c24725a8ea20fee47a98bc35af37a36bf4"}
,"/Users/shammy/Documents/GitHub/TaskHub_Backend/src/models/Task.js": {"path":"/Users/shammy/Documents/GitHub/TaskHub_Backend/src/models/Task.js","statementMap":{"0":{"start":{"line":3,"column":18},"end":{"line":3,"column":38}},"1":{"start":{"line":5,"column":0},"end":{"line":45,"column":2}},"2":{"start":{"line":8,"column":6},"end":{"line":11,"column":9}},"3":{"start":{"line":15,"column":2},"end":{"line":42,"column":4}},"4":{"start":{"line":44,"column":2},"end":{"line":44,"column":14}}},"fnMap":{"0":{"name":"(anonymous_0)","decl":{"start":{"line":5,"column":17},"end":{"line":5,"column":18}},"loc":{"start":{"line":5,"column":43},"end":{"line":45,"column":1}},"line":5},"1":{"name":"(anonymous_1)","decl":{"start":{"line":7,"column":4},"end":{"line":7,"column":5}},"loc":{"start":{"line":7,"column":29},"end":{"line":12,"column":5}},"line":7}},"branchMap":{},"s":{"0":1,"1":1,"2":1,"3":1,"4":1},"f":{"0":1,"1":1},"b":{},"inputSourceMap":null,"_coverageSchema":"1a1c01bbd47fc00a2c39e90264f33305004495a9","hash":"bbca53dc1de6a5b4778e0c1df9cc0ee5b30b8cb6"}
,"/Users/shammy/Documents/GitHub/TaskHub_Backend/src/models/User.js": {"path":"/Users/shammy/Documents/GitHub/TaskHub_Backend/src/models/User.js","statementMap":{"0":{"start":{"line":1,"column":18},"end":{"line":1,"column":38}},"1":{"start":{"line":2,"column":15},"end":{"line":2,"column":34}},"2":{"start":{"line":4,"column":0},"end":{"line":35,"column":2}},"3":{"start":{"line":7,"column":2},"end":{"line":32,"column":4}},"4":{"start":{"line":27,"column":23},"end":{"line":27,"column":47}},"5":{"start":{"line":28,"column":10},"end":{"line":28,"column":65}},"6":{"start":{"line":34,"column":2},"end":{"line":34,"column":14}}},"fnMap":{"0":{"name":"(anonymous_0)","decl":{"start":{"line":4,"column":17},"end":{"line":4,"column":18}},"loc":{"start":{"line":4,"column":43},"end":{"line":35,"column":1}},"line":4},"1":{"name":"(anonymous_1)","decl":{"start":{"line":26,"column":22},"end":{"line":26,"column":23}},"loc":{"start":{"line":26,"column":38},"end":{"line":29,"column":9}},"line":26}},"branchMap":{},"s":{"0":1,"1":1,"2":1,"3":1,"4":0,"5":0,"6":1},"f":{"0":1,"1":0},"b":{},"inputSourceMap":null,"_coverageSchema":"1a1c01bbd47fc00a2c39e90264f33305004495a9","hash":"f2c75c5920187a42492329b28203e05ccdafcfbd"}
,"/Users/shammy/Documents/GitHub/TaskHub_Backend/src/models/index.js": {"path":"/Users/shammy/Documents/GitHub/TaskHub_Backend/src/models/index.js","statementMap":{"0":{"start":{"line":3,"column":11},"end":{"line":3,"column":24}},"1":{"start":{"line":4,"column":13},"end":{"line":4,"column":28}},"2":{"start":{"line":5,"column":33},"end":{"line":5,"column":53}},"3":{"start":{"line":6,"column":16},"end":{"line":6,"column":34}},"4":{"start":{"line":7,"column":17},"end":{"line":7,"column":42}},"5":{"start":{"line":8,"column":12},"end":{"line":8,"column":49}},"6":{"start":{"line":9,"column":15},"end":{"line":9,"column":65}},"7":{"start":{"line":10,"column":11},"end":{"line":10,"column":13}},"8":{"start":{"line":13,"column":0},"end":{"line":75,"column":1}},"9":{"start":{"line":14,"column":2},"end":{"line":46,"column":3}},"10":{"start":{"line":15,"column":18},"end":{"line":15,"column":54}},"11":{"start":{"line":16,"column":4},"end":{"line":20,"column":5}},"12":{"start":{"line":17,"column":6},"end":{"line":19,"column":8}},"13":{"start":{"line":21,"column":4},"end":{"line":21,"column":45}},"14":{"start":{"line":23,"column":4},"end":{"line":25,"column":5}},"15":{"start":{"line":24,"column":6},"end":{"line":24,"column":79}},"16":{"start":{"line":27,"column":21},"end":{"line":34,"column":5}},"17":{"start":{"line":36,"column":4},"end":{"line":45,"column":6}},"18":{"start":{"line":49,"column":2},"end":{"line":61,"column":7}},"19":{"start":{"line":51,"column":6},"end":{"line":56,"column":8}},"20":{"start":{"line":59,"column":20},"end":{"line":59,"column":77}},"21":{"start":{"line":60,"column":6},"end":{"line":60,"column":29}},"22":{"start":{"line":64,"column":2},"end":{"line":68,"column":5}},"23":{"start":{"line":65,"column":4},"end":{"line":67,"column":5}},"24":{"start":{"line":66,"column":6},"end":{"line":66,"column":34}},"25":{"start":{"line":70,"column":2},"end":{"line":70,"column":27}},"26":{"start":{"line":71,"column":2},"end":{"line":71,"column":27}},"27":{"start":{"line":73,"column":2},"end":{"line":73,"column":72}},"28":{"start":{"line":74,"column":2},"end":{"line":74,"column":14}},"29":{"start":{"line":77,"column":0},"end":{"line":77,"column":20}}},"fnMap":{"0":{"name":"(anonymous_0)","decl":{"start":{"line":50,"column":12},"end":{"line":50,"column":13}},"loc":{"start":{"line":50,"column":22},"end":{"line":57,"column":5}},"line":50},"1":{"name":"(anonymous_1)","decl":{"start":{"line":58,"column":13},"end":{"line":58,"column":14}},"loc":{"start":{"line":58,"column":23},"end":{"line":61,"column":5}},"line":58},"2":{"name":"(anonymous_2)","decl":{"start":{"line":64,"column":26},"end":{"line":64,"column":27}},"loc":{"start":{"line":64,"column":41},"end":{"line":68,"column":3}},"line":64}},"branchMap":{"0":{"loc":{"start":{"line":8,"column":12},"end":{"line":8,"column":49}},"type":"binary-expr","locations":[{"start":{"line":8,"column":12},"end":{"line":8,"column":32}},{"start":{"line":8,"column":36},"end":{"line":8,"column":49}}],"line":8},"1":{"loc":{"start":{"line":14,"column":2},"end":{"line":46,"column":3}},"type":"if","locations":[{"start":{"line":14,"column":2},"end":{"line":46,"column":3}},{"start":{"line":22,"column":9},"end":{"line":46,"column":3}}],"line":14},"2":{"loc":{"start":{"line":14,"column":6},"end":{"line":14,"column":69}},"type":"binary-expr","locations":[{"start":{"line":14,"column":6},"end":{"line":14,"column":29}},{"start":{"line":14,"column":33},"end":{"line":14,"column":69}}],"line":14},"3":{"loc":{"start":{"line":16,"column":4},"end":{"line":20,"column":5}},"type":"if","locations":[{"start":{"line":16,"column":4},"end":{"line":20,"column":5}},{"start":{},"end":{}}],"line":16},"4":{"loc":{"start":{"line":23,"column":4},"end":{"line":25,"column":5}},"type":"if","locations":[{"start":{"line":23,"column":4},"end":{"line":25,"column":5}},{"start":{},"end":{}}],"line":23},"5":{"loc":{"start":{"line":23,"column":8},"end":{"line":23,"column":44}},"type":"binary-expr","locations":[{"start":{"line":23,"column":8},"end":{"line":23,"column":24}},{"start":{"line":23,"column":28},"end":{"line":23,"column":44}}],"line":23},"6":{"loc":{"start":{"line":30,"column":16},"end":{"line":30,"column":37}},"type":"binary-expr","locations":[{"start":{"line":30,"column":16},"end":{"line":30,"column":31}},{"start":{"line":30,"column":35},"end":{"line":30,"column":37}}],"line":30},"7":{"loc":{"start":{"line":31,"column":12},"end":{"line":31,"column":38}},"type":"binary-expr","locations":[{"start":{"line":31,"column":12},"end":{"line":31,"column":23}},{"start":{"line":31,"column":27},"end":{"line":31,"column":38}}],"line":31},"8":{"loc":{"start":{"line":32,"column":15},"end":{"line":32,"column":43}},"type":"binary-expr","locations":[{"start":{"line":32,"column":15},"end":{"line":32,"column":29}},{"start":{"line":32,"column":33},"end":{"line":32,"column":43}}],"line":32},"9":{"loc":{"start":{"line":52,"column":8},"end":{"line":55,"column":39}},"type":"binary-expr","locations":[{"start":{"line":52,"column":8},"end":{"line":52,"column":31}},{"start":{"line":53,"column":8},"end":{"line":53,"column":25}},{"start":{"line":54,"column":8},"end":{"line":54,"column":32}},{"start":{"line":55,"column":8},"end":{"line":55,"column":39}}],"line":52},"10":{"loc":{"start":{"line":65,"column":4},"end":{"line":67,"column":5}},"type":"if","locations":[{"start":{"line":65,"column":4},"end":{"line":67,"column":5}},{"start":{},"end":{}}],"line":65}},"s":{"0":1,"1":1,"2":1,"3":1,"4":1,"5":1,"6":1,"7":1,"8":1,"9":1,"10":0,"11":0,"12":0,"13":0,"14":1,"15":0,"16":1,"17":1,"18":1,"19":4,"20":3,"21":3,"22":1,"23":3,"24":2,"25":1,"26":1,"27":0,"28":0,"29":1},"f":{"0":4,"1":3,"2":3},"b":{"0":[1,0],"1":[0,1],"2":[1,0],"3":[0,0],"4":[0,1],"5":[1,1],"6":[1,0],"7":[1,0],"8":[1,0],"9":[4,4,3,3],"10":[2,1]},"inputSourceMap":null,"_coverageSchema":"1a1c01bbd47fc00a2c39e90264f33305004495a9","hash":"3b583db46d63f7b3a14a12208974e81ae658525a"}
,"/Users/shammy/Documents/GitHub/TaskHub_Backend/src/routes/taskRoutes.js": {"path":"/Users/shammy/Documents/GitHub/TaskHub_Backend/src/routes/taskRoutes.js","statementMap":{"0":{"start":{"line":3,"column":16},"end":{"line":3,"column":34}},"1":{"start":{"line":4,"column":15},"end":{"line":4,"column":31}},"2":{"start":{"line":5,"column":23},"end":{"line":5,"column":63}},"3":{"start":{"line":6,"column":26},"end":{"line":6,"column":65}},"4":{"start":{"line":9,"column":0},"end":{"line":9,"column":63}},"5":{"start":{"line":12,"column":0},"end":{"line":12,"column":63}},"6":{"start":{"line":15,"column":0},"end":{"line":15,"column":66}},"7":{"start":{"line":18,"column":0},"end":{"line":18,"column":65}},"8":{"start":{"line":21,"column":0},"end":{"line":21,"column":80}},"9":{"start":{"line":22,"column":0},"end":{"line":22,"column":73}},"10":{"start":{"line":25,"column":0},"end":{"line":25,"column":68}},"11":{"start":{"line":27,"column":0},"end":{"line":27,"column":24}}},"fnMap":{},"branchMap":{},"s":{"0":1,"1":1,"2":1,"3":1,"4":1,"5":1,"6":1,"7":1,"8":1,"9":1,"10":1,"11":1},"f":{},"b":{},"inputSourceMap":null,"_coverageSchema":"1a1c01bbd47fc00a2c39e90264f33305004495a9","hash":"fb6ccfb0a9d6b37196d866c951bc2c3a645da617"}
,"/Users/shammy/Documents/GitHub/TaskHub_Backend/src/schemas/taskSchema.js": {"path":"/Users/shammy/Documents/GitHub/TaskHub_Backend/src/schemas/taskSchema.js","statementMap":{"0":{"start":{"line":1,"column":12},"end":{"line":1,"column":26}},"1":{"start":{"line":3,"column":19},"end":{"line":30,"column":2}},"2":{"start":{"line":32,"column":0},"end":{"line":32,"column":28}}},"fnMap":{},"branchMap":{},"s":{"0":1,"1":1,"2":1},"f":{},"b":{},"inputSourceMap":null,"_coverageSchema":"1a1c01bbd47fc00a2c39e90264f33305004495a9","hash":"f01b7068aaede78a234e14d4a2c2bfe5fe9c6620"}
,"/Users/shammy/Documents/GitHub/TaskHub_Backend/src/services/taskService.js": {"path":"/Users/shammy/Documents/GitHub/TaskHub_Backend/src/services/taskService.js","statementMap":{"0":{"start":{"line":1,"column":17},"end":{"line":1,"column":37}},"1":{"start":{"line":2,"column":26},"end":{"line":2,"column":46}},"2":{"start":{"line":5,"column":0},"end":{"line":17,"column":2}},"3":{"start":{"line":6,"column":2},"end":{"line":16,"column":3}},"4":{"start":{"line":7,"column":17},"end":{"line":10,"column":6}},"5":{"start":{"line":11,"column":4},"end":{"line":11,"column":39}},"6":{"start":{"line":12,"column":4},"end":{"line":12,"column":16}},"7":{"start":{"line":14,"column":4},"end":{"line":14,"column":52}},"8":{"start":{"line":15,"column":4},"end":{"line":15,"column":16}},"9":{"start":{"line":20,"column":0},"end":{"line":47,"column":2}},"10":{"start":{"line":28,"column":2},"end":{"line":46,"column":3}},"11":{"start":{"line":29,"column":18},"end":{"line":29,"column":28}},"12":{"start":{"line":30,"column":4},"end":{"line":32,"column":5}},"13":{"start":{"line":31,"column":6},"end":{"line":31,"column":45}},"14":{"start":{"line":34,"column":18},"end":{"line":39,"column":6}},"15":{"start":{"line":41,"column":4},"end":{"line":41,"column":43}},"16":{"start":{"line":42,"column":4},"end":{"line":42,"column":17}},"17":{"start":{"line":44,"column":4},"end":{"line":44,"column":53}},"18":{"start":{"line":45,"column":4},"end":{"line":45,"column":16}},"19":{"start":{"line":50,"column":0},"end":{"line":67,"column":2}},"20":{"start":{"line":51,"column":2},"end":{"line":66,"column":3}},"21":{"start":{"line":52,"column":17},"end":{"line":57,"column":6}},"22":{"start":{"line":58,"column":4},"end":{"line":60,"column":5}},"23":{"start":{"line":59,"column":6},"end":{"line":59,"column":40}},"24":{"start":{"line":61,"column":4},"end":{"line":61,"column":43}},"25":{"start":{"line":62,"column":4},"end":{"line":62,"column":16}},"26":{"start":{"line":64,"column":4},"end":{"line":64,"column":53}},"27":{"start":{"line":65,"column":4},"end":{"line":65,"column":16}},"28":{"start":{"line":70,"column":0},"end":{"line":88,"column":2}},"29":{"start":{"line":71,"column":2},"end":{"line":87,"column":3}},"30":{"start":{"line":72,"column":17},"end":{"line":77,"column":6}},"31":{"start":{"line":78,"column":4},"end":{"line":80,"column":5}},"32":{"start":{"line":79,"column":6},"end":{"line":79,"column":18}},"33":{"start":{"line":81,"column":4},"end":{"line":81,"column":32}},"34":{"start":{"line":82,"column":4},"end":{"line":82,"column":39}},"35":{"start":{"line":83,"column":4},"end":{"line":83,"column":16}},"36":{"start":{"line":85,"column":4},"end":{"line":85,"column":52}},"37":{"start":{"line":86,"column":4},"end":{"line":86,"column":16}},"38":{"start":{"line":91,"column":0},"end":{"line":106,"column":2}},"39":{"start":{"line":92,"column":2},"end":{"line":105,"column":3}},"40":{"start":{"line":93,"column":17},"end":{"line":95,"column":6}},"41":{"start":{"line":96,"column":4},"end":{"line":98,"column":5}},"42":{"start":{"line":97,"column":6},"end":{"line":97,"column":18}},"43":{"start":{"line":99,"column":4},"end":{"line":99,"column":25}},"44":{"start":{"line":100,"column":4},"end":{"line":100,"column":22}},"45":{"start":{"line":101,"column":4},"end":{"line":101,"column":16}},"46":{"start":{"line":103,"column":4},"end":{"line":103,"column":58}},"47":{"start":{"line":104,"column":4},"end":{"line":104,"column":16}},"48":{"start":{"line":109,"column":0},"end":{"line":128,"column":2}},"49":{"start":{"line":110,"column":2},"end":{"line":127,"column":3}},"50":{"start":{"line":111,"column":17},"end":{"line":116,"column":6}},"51":{"start":{"line":118,"column":4},"end":{"line":120,"column":5}},"52":{"start":{"line":119,"column":6},"end":{"line":119,"column":19}},"53":{"start":{"line":122,"column":4},"end":{"line":122,"column":25}},"54":{"start":{"line":123,"column":4},"end":{"line":123,"column":16}},"55":{"start":{"line":125,"column":4},"end":{"line":125,"column":52}},"56":{"start":{"line":126,"column":4},"end":{"line":126,"column":16}}},"fnMap":{"0":{"name":"(anonymous_0)","decl":{"start":{"line":5,"column":21},"end":{"line":5,"column":22}},"loc":{"start":{"line":5,"column":49},"end":{"line":17,"column":1}},"line":5},"1":{"name":"(anonymous_1)","decl":{"start":{"line":20,"column":22},"end":{"line":20,"column":23}},"loc":{"start":{"line":27,"column":5},"end":{"line":47,"column":1}},"line":27},"2":{"name":"(anonymous_2)","decl":{"start":{"line":50,"column":22},"end":{"line":50,"column":23}},"loc":{"start":{"line":50,"column":44},"end":{"line":67,"column":1}},"line":50},"3":{"name":"(anonymous_3)","decl":{"start":{"line":70,"column":21},"end":{"line":70,"column":22}},"loc":{"start":{"line":70,"column":53},"end":{"line":88,"column":1}},"line":70},"4":{"name":"(anonymous_4)","decl":{"start":{"line":91,"column":27},"end":{"line":91,"column":28}},"loc":{"start":{"line":91,"column":57},"end":{"line":106,"column":1}},"line":91},"5":{"name":"(anonymous_5)","decl":{"start":{"line":109,"column":21},"end":{"line":109,"column":22}},"loc":{"start":{"line":109,"column":43},"end":{"line":128,"column":1}},"line":109}},"branchMap":{"0":{"loc":{"start":{"line":23,"column":2},"end":{"line":23,"column":20}},"type":"default-arg","locations":[{"start":{"line":23,"column":9},"end":{"line":23,"column":20}}],"line":23},"1":{"loc":{"start":{"line":24,"column":2},"end":{"line":24,"column":16}},"type":"default-arg","locations":[{"start":{"line":24,"column":10},"end":{"line":24,"column":16}}],"line":24},"2":{"loc":{"start":{"line":25,"column":2},"end":{"line":25,"column":12}},"type":"default-arg","locations":[{"start":{"line":25,"column":11},"end":{"line":25,"column":12}}],"line":25},"3":{"loc":{"start":{"line":26,"column":2},"end":{"line":26,"column":12}},"type":"default-arg","locations":[{"start":{"line":26,"column":10},"end":{"line":26,"column":12}}],"line":26},"4":{"loc":{"start":{"line":30,"column":4},"end":{"line":32,"column":5}},"type":"if","locations":[{"start":{"line":30,"column":4},"end":{"line":32,"column":5}},{"start":{},"end":{}}],"line":30},"5":{"loc":{"start":{"line":58,"column":4},"end":{"line":60,"column":5}},"type":"if","locations":[{"start":{"line":58,"column":4},"end":{"line":60,"column":5}},{"start":{},"end":{}}],"line":58},"6":{"loc":{"start":{"line":78,"column":4},"end":{"line":80,"column":5}},"type":"if","locations":[{"start":{"line":78,"column":4},"end":{"line":80,"column":5}},{"start":{},"end":{}}],"line":78},"7":{"loc":{"start":{"line":96,"column":4},"end":{"line":98,"column":5}},"type":"if","locations":[{"start":{"line":96,"column":4},"end":{"line":98,"column":5}},{"start":{},"end":{}}],"line":96},"8":{"loc":{"start":{"line":118,"column":4},"end":{"line":120,"column":5}},"type":"if","locations":[{"start":{"line":118,"column":4},"end":{"line":120,"column":5}},{"start":{},"end":{}}],"line":118}},"s":{"0":2,"1":2,"2":2,"3":1,"4":1,"5":1,"6":1,"7":0,"8":0,"9":2,"10":0,"11":0,"12":0,"13":0,"14":0,"15":0,"16":0,"17":0,"18":0,"19":2,"20":2,"21":2,"22":2,"23":1,"24":1,"25":1,"26":1,"27":1,"28":2,"29":1,"30":1,"31":1,"32":0,"33":1,"34":1,"35":1,"36":0,"37":0,"38":2,"39":2,"40":2,"41":2,"42":1,"43":1,"44":1,"45":1,"46":0,"47":0,"48":2,"49":1,"50":1,"51":1,"52":0,"53":1,"54":1,"55":0,"56":0},"f":{"0":1,"1":0,"2":2,"3":1,"4":2,"5":1},"b":{"0":[0],"1":[0],"2":[0],"3":[0],"4":[0,0],"5":[1,1],"6":[0,1],"7":[1,1],"8":[0,1]},"inputSourceMap":null,"_coverageSchema":"1a1c01bbd47fc00a2c39e90264f33305004495a9","hash":"466250884322b9c863588c08b50f01e98a63fa0b"}
,"/Users/shammy/Documents/GitHub/TaskHub_Backend/src/validators/taskValidator.js": {"path":"/Users/shammy/Documents/GitHub/TaskHub_Backend/src/validators/taskValidator.js","statementMap":{"0":{"start":{"line":1,"column":12},"end":{"line":1,"column":26}},"1":{"start":{"line":3,"column":19},"end":{"line":23,"column":2}},"2":{"start":{"line":25,"column":0},"end":{"line":25,"column":32}}},"fnMap":{},"branchMap":{},"s":{"0":1,"1":1,"2":1},"f":{},"b":{},"inputSourceMap":null,"_coverageSchema":"1a1c01bbd47fc00a2c39e90264f33305004495a9","hash":"7c0c4d99af9f31304e26b39526394596a0487b1c"}
}
