TN:
SF:src/app.js
FN:21,(anonymous_0)
FNF:1
FNH:0
FNDA:0,(anonymous_0)
DA:1,3
DA:2,3
DA:6,3
DA:7,3
DA:8,3
DA:9,3
DA:10,3
DA:12,3
DA:14,3
DA:15,3
DA:16,3
DA:19,3
DA:21,3
DA:22,0
DA:23,0
DA:26,3
LF:16
LH:14
BRF:0
BRH:0
end_of_record
TN:
SF:src/config/config.js
FNF:0
FNH:0
DA:1,4
DA:2,4
DA:4,4
DA:14,4
LF:4
LH:4
BRDA:15,0,0,4
BRDA:15,0,1,0
BRF:2
BRH:1
end_of_record
TN:
SF:src/config/config.test.js
FN:22,(anonymous_0)
FN:25,(anonymous_1)
FNF:2
FNH:1
FNDA:1,(anonymous_0)
FNDA:0,(anonymous_1)
DA:1,1
DA:3,1
DA:20,1
DA:23,1
DA:26,0
DA:32,1
LF:6
LH:5
BRF:0
BRH:0
end_of_record
TN:
SF:src/controllers/taskController.js
FN:13,(anonymous_0)
FN:31,(anonymous_1)
FN:52,(anonymous_2)
FN:71,(anonymous_3)
FN:95,(anonymous_4)
FNF:5
FNH:5
FNDA:3,(anonymous_0)
FNDA:3,(anonymous_1)
FNDA:2,(anonymous_2)
FNDA:1,(anonymous_3)
FNDA:1,(anonymous_4)
DA:9,3
DA:10,3
DA:13,3
DA:14,3
DA:16,3
DA:17,2
DA:20,1
DA:21,1
DA:22,1
DA:24,0
DA:31,3
DA:32,3
DA:39,3
DA:40,3
DA:41,3
DA:43,0
DA:44,0
DA:52,3
DA:53,2
DA:55,2
DA:56,2
DA:57,2
DA:58,1
DA:60,1
DA:63,0
DA:71,3
DA:72,1
DA:73,1
DA:75,1
DA:76,0
DA:79,1
DA:80,1
DA:81,1
DA:82,1
DA:84,0
DA:87,0
DA:95,3
DA:96,1
DA:98,1
DA:99,1
DA:100,1
DA:101,1
DA:103,0
DA:106,0
LF:44
LH:35
BRDA:16,0,0,2
BRDA:16,0,1,1
BRDA:35,1,0,3
BRDA:36,2,0,3
BRDA:37,3,0,2
BRDA:38,4,0,2
BRDA:57,5,0,1
BRDA:57,5,1,1
BRDA:75,6,0,0
BRDA:75,6,1,1
BRDA:81,7,0,1
BRDA:81,7,1,0
BRDA:100,8,0,1
BRDA:100,8,1,0
BRF:14
BRH:11
end_of_record
TN:
SF:src/middleware/authMiddleware.js
FN:3,(anonymous_0)
FN:7,(anonymous_1)
FNF:2
FNH:2
FNDA:12,(anonymous_0)
FNDA:11,(anonymous_1)
DA:1,3
DA:3,3
DA:4,12
DA:5,12
DA:7,11
DA:8,11
DA:9,10
DA:10,10
DA:14,3
LF:9
LH:9
BRDA:5,0,0,1
BRDA:5,0,1,11
BRDA:8,1,0,1
BRDA:8,1,1,10
BRF:4
BRH:4
end_of_record
TN:
SF:src/models/Task.js
FNF:0
FNH:0
DA:1,3
DA:2,3
DA:6,3
DA:28,3
LF:4
LH:4
BRF:0
BRH:0
end_of_record
TN:
SF:src/routes/taskRoutes.js
FNF:0
FNH:0
DA:3,3
DA:4,3
DA:5,3
DA:6,3
DA:9,3
DA:12,3
DA:15,3
DA:18,3
DA:21,3
DA:23,3
LF:10
LH:10
BRF:0
BRH:0
end_of_record
TN:
SF:src/services/taskService.js
FN:5,(anonymous_0)
FN:9,(anonymous_1)
FN:35,(anonymous_2)
FN:39,(anonymous_3)
FN:47,(anonymous_4)
FNF:5
FNH:5
FNDA:2,(anonymous_0)
FNDA:4,(anonymous_1)
FNDA:2,(anonymous_2)
FNDA:1,(anonymous_3)
FNDA:1,(anonymous_4)
DA:2,4
DA:3,4
DA:5,4
DA:6,2
DA:9,4
DA:16,4
DA:17,4
DA:18,4
DA:19,1
DA:22,4
DA:28,4
DA:30,0
DA:31,0
DA:35,4
DA:36,2
DA:39,4
DA:40,1
DA:41,1
DA:42,1
DA:44,1
DA:47,4
DA:48,1
DA:49,1
DA:50,1
DA:51,1
DA:53,0
LF:26
LH:23
BRDA:11,0,0,0
BRDA:12,1,0,0
BRDA:13,2,0,0
BRDA:14,3,0,0
BRDA:18,4,0,1
BRDA:18,4,1,3
BRDA:41,5,0,1
BRDA:41,5,1,0
BRDA:49,6,0,1
BRDA:49,6,1,0
BRF:10
BRH:4
end_of_record
TN:
SF:src/validators/taskValidator.js
FNF:0
FNH:0
DA:1,3
DA:4,3
DA:19,3
LF:3
LH:3
BRF:0
BRH:0
end_of_record
