TN:
SF:src/config/config.js
FNF:0
FNH:0
DA:1,7
DA:2,7
DA:5,7
DA:21,7
DA:34,7
LF:5
LH:5
BRDA:6,0,0,7
BRDA:6,0,1,0
BRDA:7,1,0,7
BRDA:7,1,1,0
BRDA:8,2,0,7
BRDA:8,2,1,0
BRDA:9,3,0,7
BRDA:9,3,1,0
BRDA:10,4,0,7
BRDA:10,4,1,0
BRDA:35,5,0,7
BRDA:35,5,1,0
BRF:12
BRH:6
end_of_record
TN:
SF:src/config/database.js
FNF:0
FNH:0
DA:1,1
DA:3,1
LF:2
LH:2
BRF:0
BRH:0
end_of_record
TN:
SF:src/controllers/taskController.js
FN:18,(anonymous_0)
FN:42,(anonymous_1)
FN:74,(anonymous_2)
FN:94,(anonymous_3)
FN:124,(anonymous_4)
FN:146,(anonymous_5)
FNF:6
FNH:5
FNDA:3,(anonymous_0)
FNDA:2,(anonymous_1)
FNDA:1,(anonymous_2)
FNDA:1,(anonymous_3)
FNDA:3,(anonymous_4)
FNDA:0,(anonymous_5)
DA:10,1
DA:12,1
DA:18,1
DA:19,3
DA:20,3
DA:21,3
DA:23,3
DA:24,1
DA:30,2
DA:31,1
DA:33,1
DA:34,1
DA:42,1
DA:43,2
DA:50,2
DA:53,2
DA:55,2
DA:63,1
DA:65,1
DA:66,1
DA:74,1
DA:75,1
DA:76,1
DA:77,1
DA:79,1
DA:80,0
DA:81,0
DA:83,0
DA:85,1
DA:86,1
DA:94,1
DA:95,1
DA:96,1
DA:97,1
DA:99,1
DA:100,0
DA:106,1
DA:108,1
DA:109,0
DA:112,1
DA:113,1
DA:115,0
DA:116,0
DA:124,1
DA:125,3
DA:126,3
DA:127,3
DA:128,3
DA:131,3
DA:132,2
DA:133,1
DA:137,1
DA:138,1
DA:140,1
DA:141,1
DA:146,1
DA:147,0
DA:148,0
DA:149,0
DA:151,0
DA:152,0
DA:153,0
DA:156,0
DA:158,0
DA:159,0
LF:65
LH:49
BRDA:23,0,0,1
BRDA:23,0,1,2
BRDA:46,1,0,2
BRDA:47,2,0,2
BRDA:48,3,0,2
BRDA:49,4,0,0
BRDA:63,5,0,1
BRDA:63,5,1,0
BRDA:80,6,0,0
BRDA:80,6,1,0
BRDA:99,7,0,0
BRDA:99,7,1,1
BRDA:108,8,0,0
BRDA:108,8,1,1
BRDA:132,9,0,1
BRDA:132,9,1,1
BRDA:152,10,0,0
BRDA:152,10,1,0
BRF:18
BRH:10
end_of_record
TN:
SF:src/middleware/authMiddleware.js
FN:3,(anonymous_0)
FN:30,(anonymous_1)
FNF:2
FNH:2
FNDA:14,(anonymous_0)
FNDA:11,(anonymous_1)
DA:1,2
DA:3,2
DA:4,14
DA:5,14
DA:7,14
DA:8,2
DA:14,12
DA:15,1
DA:21,11
DA:23,11
DA:24,0
DA:30,11
DA:31,11
DA:32,2
DA:37,9
DA:38,9
DA:41,0
DA:42,0
DA:49,2
LF:19
LH:16
BRDA:7,0,0,2
BRDA:7,0,1,12
BRDA:7,1,0,14
BRDA:7,1,1,12
BRDA:14,2,0,1
BRDA:14,2,1,11
BRDA:23,3,0,0
BRDA:23,3,1,11
BRDA:31,4,0,2
BRDA:31,4,1,9
BRF:10
BRH:9
end_of_record
TN:
SF:src/models/Status.js
FN:3,(anonymous_0)
FN:23,(anonymous_1)
FNF:2
FNH:2
FNDA:1,(anonymous_0)
FNDA:1,(anonymous_1)
DA:3,1
DA:4,1
DA:23,1
DA:24,1
DA:27,1
LF:5
LH:5
BRF:0
BRH:0
end_of_record
TN:
SF:src/models/Task.js
FN:5,(anonymous_0)
FN:7,(anonymous_1)
FNF:2
FNH:2
FNDA:1,(anonymous_0)
FNDA:1,(anonymous_1)
DA:3,1
DA:5,1
DA:8,1
DA:15,1
DA:44,1
LF:5
LH:5
BRF:0
BRH:0
end_of_record
TN:
SF:src/models/User.js
FN:4,(anonymous_0)
FN:26,(anonymous_1)
FNF:2
FNH:1
FNDA:1,(anonymous_0)
FNDA:0,(anonymous_1)
DA:1,1
DA:2,1
DA:4,1
DA:7,1
DA:27,0
DA:28,0
DA:34,1
LF:7
LH:5
BRF:0
BRH:0
end_of_record
TN:
SF:src/models/index.js
FN:50,(anonymous_0)
FN:58,(anonymous_1)
FN:64,(anonymous_2)
FNF:3
FNH:3
FNDA:4,(anonymous_0)
FNDA:3,(anonymous_1)
FNDA:3,(anonymous_2)
DA:3,1
DA:4,1
DA:5,1
DA:6,1
DA:7,1
DA:8,1
DA:9,1
DA:10,1
DA:13,1
DA:14,1
DA:15,0
DA:16,0
DA:17,0
DA:21,0
DA:23,1
DA:24,0
DA:27,1
DA:36,1
DA:49,1
DA:51,4
DA:59,3
DA:60,3
DA:64,1
DA:65,3
DA:66,2
DA:70,1
DA:71,1
DA:73,0
DA:74,0
DA:77,1
LF:30
LH:23
BRDA:8,0,0,1
BRDA:8,0,1,0
BRDA:14,1,0,0
BRDA:14,1,1,1
BRDA:14,2,0,1
BRDA:14,2,1,0
BRDA:16,3,0,0
BRDA:16,3,1,0
BRDA:23,4,0,0
BRDA:23,4,1,1
BRDA:23,5,0,1
BRDA:23,5,1,1
BRDA:30,6,0,1
BRDA:30,6,1,0
BRDA:31,7,0,1
BRDA:31,7,1,0
BRDA:32,8,0,1
BRDA:32,8,1,0
BRDA:52,9,0,4
BRDA:52,9,1,4
BRDA:52,9,2,3
BRDA:52,9,3,3
BRDA:65,10,0,2
BRDA:65,10,1,1
BRF:24
BRH:15
end_of_record
TN:
SF:src/routes/taskRoutes.js
FNF:0
FNH:0
DA:3,1
DA:4,1
DA:5,1
DA:6,1
DA:9,1
DA:12,1
DA:15,1
DA:18,1
DA:21,1
DA:22,1
DA:25,1
DA:27,1
LF:12
LH:12
BRF:0
BRH:0
end_of_record
TN:
SF:src/schemas/taskSchema.js
FNF:0
FNH:0
DA:1,1
DA:3,1
DA:32,1
LF:3
LH:3
BRF:0
BRH:0
end_of_record
TN:
SF:src/services/taskService.js
FN:5,(anonymous_0)
FN:20,(anonymous_1)
FN:50,(anonymous_2)
FN:70,(anonymous_3)
FN:91,(anonymous_4)
FN:109,(anonymous_5)
FNF:6
FNH:5
FNDA:1,(anonymous_0)
FNDA:0,(anonymous_1)
FNDA:2,(anonymous_2)
FNDA:1,(anonymous_3)
FNDA:2,(anonymous_4)
FNDA:1,(anonymous_5)
DA:1,2
DA:2,2
DA:5,2
DA:6,1
DA:7,1
DA:11,1
DA:12,1
DA:14,0
DA:15,0
DA:20,2
DA:28,0
DA:29,0
DA:30,0
DA:31,0
DA:34,0
DA:41,0
DA:42,0
DA:44,0
DA:45,0
DA:50,2
DA:51,2
DA:52,2
DA:58,2
DA:59,1
DA:61,1
DA:62,1
DA:64,1
DA:65,1
DA:70,2
DA:71,1
DA:72,1
DA:78,1
DA:79,0
DA:81,1
DA:82,1
DA:83,1
DA:85,0
DA:86,0
DA:91,2
DA:92,2
DA:93,2
DA:96,2
DA:97,1
DA:99,1
DA:100,1
DA:101,1
DA:103,0
DA:104,0
DA:109,2
DA:110,1
DA:111,1
DA:118,1
DA:119,0
DA:122,1
DA:123,1
DA:125,0
DA:126,0
LF:57
LH:38
BRDA:23,0,0,0
BRDA:24,1,0,0
BRDA:25,2,0,0
BRDA:26,3,0,0
BRDA:30,4,0,0
BRDA:30,4,1,0
BRDA:58,5,0,1
BRDA:58,5,1,1
BRDA:78,6,0,0
BRDA:78,6,1,1
BRDA:96,7,0,1
BRDA:96,7,1,1
BRDA:118,8,0,0
BRDA:118,8,1,1
BRF:14
BRH:6
end_of_record
TN:
SF:src/validators/taskValidator.js
FNF:0
FNH:0
DA:1,1
DA:3,1
DA:25,1
LF:3
LH:3
BRF:0
BRH:0
end_of_record
